<?xml version="1.0" encoding="UTF-8"?>
<!-- Generated by org.testng.reporters.JUnitReportReporter -->
<testsuite hostname="DESKTOP-T6KLQOF" failures="0" tests="1" name="driverFactory.AppTest" time="99.210" errors="0" timestamp="2024-11-15T09:36:05 IST" skipped="0">
  <testcase classname="driverFactory.AppTest" name="startTest" time="99.210">
    <system-out>
      <![CDATA[No of rows are::9
Add Employee Success::0769     0769
Add Employee Success::0770     0770
Add Employee Success::0771     0771
Add Employee Success::0772     0772
Add Employee Success::0773     0773
Add Employee Success::0774     0774
Add Employee Success::0775     0775
Add Employee Success::0776     0776
Add Employee Success::0777     0777]]>
    </system-out>
  </testcase> <!-- startTest -->
  <system-out>
    <![CDATA[No of rows are::9
Add Employee Success::0769     0769
Add Employee Success::0770     0770
Add Employee Success::0771     0771
Add Employee Success::0772     0772
Add Employee Success::0773     0773
Add Employee Success::0774     0774
Add Employee Success::0775     0775
Add Employee Success::0776     0776
Add Employee Success::0777     0777]]>
  </system-out>
</testsuite> <!-- driverFactory.AppTest -->
